<?xml version="1.0" encoding="UTF-8"?>
<!-- Generated by org.testng.reporters.JUnitXMLReporter -->
<testsuite ignored="0" hostname="Devi" failures="0" tests="4" name="Test" time="63.446" errors="0" timestamp="2024-12-26T10:37:43 IST">
  <testcase classname="importantscenario.Scnario2" name="scarioTest" time="15.972"/>
  <testcase classname="importantscenario.Scnario2" name="scarioTest" time="15.265"/>
  <testcase classname="importantscenario.Scnario2" name="scarioTest" time="14.513"/>
  <testcase classname="importantscenario.Scnario2" name="scarioTest" time="17.655"/>
</testsuite> <!-- Test -->
